[debug] [2020-11-27T15:14:39.559Z] ----------------------------------------------------------------------
[debug] [2020-11-27T15:14:39.561Z] Command:       C:\Program Files\nodejs\node.exe C:\Users\Rusnanee\AppData\Roaming\npm\node_modules\firebase-tools\lib\bin\firebase.js init
[debug] [2020-11-27T15:14:39.562Z] CLI Version:   8.16.2
[debug] [2020-11-27T15:14:39.562Z] Platform:      win32
[debug] [2020-11-27T15:14:39.562Z] Node Version:  v14.15.1
[debug] [2020-11-27T15:14:39.563Z] Time:          Fri Nov 27 2020 22:14:39 GMT+0700 (Indochina Time)
[debug] [2020-11-27T15:14:39.564Z] ----------------------------------------------------------------------
[debug] [2020-11-27T15:14:39.564Z] 
[debug] [2020-11-27T15:14:39.572Z] > command requires scopes: ["email","openid","https://www.googleapis.com/auth/cloudplatformprojects.readonly","https://www.googleapis.com/auth/firebase","https://www.googleapis.com/auth/cloud-platform"]
[debug] [2020-11-27T15:14:39.572Z] > authorizing via signed-in user
[info] 
     ######## #### ########  ######## ########     ###     ######  ########
     ##        ##  ##     ## ##       ##     ##  ##   ##  ##       ##
     ######    ##  ########  ######   ########  #########  ######  ######
     ##        ##  ##    ##  ##       ##     ## ##     ##       ## ##
     ##       #### ##     ## ######## ########  ##     ##  ######  ########

You're about to initialize a Firebase project in this directory:

  R:\webpainaidi

Before we get started, keep in mind:

  * You are initializing in an existing Firebase project directory

[info] 
=== Project Setup
[info] 
[info] First, let's associate this project directory with a Firebase project.
[info] You can create multiple project aliases by running firebase use --add, 
[info] but for now we'll just set up a default project.
[info] 
[info] i  .firebaserc already has a default project, using painaidi-216af. 
[debug] [2020-11-27T15:14:55.245Z] >>> HTTP REQUEST GET https://firebase.googleapis.com/v1beta1/projects/painaidi-216af  
 
[debug] [2020-11-27T15:14:55.614Z] <<< HTTP RESPONSE 200 {"content-type":"application/json; charset=UTF-8","vary":"X-Origin, Referer, Origin,Accept-Encoding","date":"Fri, 27 Nov 2020 15:14:54 GMT","server":"ESF","cache-control":"private","x-xss-protection":"0","x-frame-options":"SAMEORIGIN","x-content-type-options":"nosniff","alt-svc":"h3-29=\":443\"; ma=2592000,h3-T051=\":443\"; ma=2592000,h3-Q050=\":443\"; ma=2592000,h3-Q046=\":443\"; ma=2592000,h3-Q043=\":443\"; ma=2592000,quic=\":443\"; ma=2592000; v=\"46,43\"","accept-ranges":"none","transfer-encoding":"chunked"}
[info] 
=== Hosting Setup
[info] 
[info] Your public directory is the folder (relative to your project directory) that
[info] will contain Hosting assets to be uploaded with firebase deploy. If you
[info] have a build process for your assets, use your build's output directory.
[info] 
[debug] [2020-11-27T15:15:23.102Z] >>> HTTP REQUEST GET https://www.gstatic.com/firebasejs/releases.json  
 
[debug] [2020-11-27T15:15:23.205Z] <<< HTTP RESPONSE 200 {"accept-ranges":"bytes","vary":"Accept-Encoding, Origin","content-type":"application/json","cross-origin-resource-policy":"cross-origin","content-length":"1411","date":"Fri, 27 Nov 2020 15:15:22 GMT","expires":"Fri, 27 Nov 2020 16:05:22 GMT","cache-control":"public, max-age=3000","last-modified":"Fri, 20 Nov 2020 01:53:31 GMT","x-content-type-options":"nosniff","server":"sffe","x-xss-protection":"0","alt-svc":"h3-29=\":443\"; ma=2592000,h3-T051=\":443\"; ma=2592000,h3-Q050=\":443\"; ma=2592000,h3-Q046=\":443\"; ma=2592000,h3-Q043=\":443\"; ma=2592000,quic=\":443\"; ma=2592000; v=\"46,43\""}
[info] +  Wrote y/index.html 
[info] 
[info] i  Detected a .git folder at R:\webpainaidi\painaidi 
[info] i  Authorizing with GitHub to upload your service account to a GitHub repository's secrets store. 
[info] 
[info] Visit this URL on this device to log in:
[info] https://github.com/login/oauth/authorize?client_id=89cf50f02ac6aaed3484&state=197384175&redirect_uri=http%3A%2F%2Flocalhost%3A9005&scope=read%3Auser%20repo%20public_repo
[info] 
[info] Waiting for authentication...
[debug] [2020-11-27T15:15:24.632Z] >>> HTTP REQUEST POST https://github.com/login/oauth/access_token  
 {"client_id":"89cf50f02ac6aaed3484","client_secret":"3330d14abc895d9a74d5f17cd7a00711fa2c5bf0","code":"805a7d1347905b18b4b9","redirect_uri":"http://localhost:9005","state":"197384175"}
[debug] [2020-11-27T15:15:25.402Z] <<< HTTP RESPONSE 200 {"date":"Fri, 27 Nov 2020 15:15:24 GMT","content-type":"application/json; charset=utf-8","transfer-encoding":"chunked","server":"GitHub.com","status":"200 OK","vary":"X-PJAX, Accept-Encoding, Accept, X-Requested-With, Accept-Encoding","etag":"W/\"9ca930ec3a7b986f86c99921937159c7\"","cache-control":"max-age=0, private, must-revalidate","strict-transport-security":"max-age=31536000; includeSubdomains; preload","x-frame-options":"deny","x-content-type-options":"nosniff","x-xss-protection":"1; mode=block","referrer-policy":"origin-when-cross-origin, strict-origin-when-cross-origin","expect-ct":"max-age=2592000, report-uri=\"https://api.github.com/_private/browser/errors\"","content-security-policy":"default-src 'none'; base-uri 'self'; block-all-mixed-content; connect-src 'self' uploads.github.com www.githubstatus.com collector.githubapp.com api.github.com github-cloud.s3.amazonaws.com github-production-repository-file-5c1aeb.s3.amazonaws.com github-production-upload-manifest-file-7fdce7.s3.amazonaws.com github-production-user-asset-6210df.s3.amazonaws.com cdn.optimizely.com logx.optimizely.com/v1/events wss://alive.github.com; font-src github.githubassets.com; form-action 'self' github.com gist.github.com; frame-ancestors 'none'; frame-src render.githubusercontent.com; img-src 'self' data: github.githubassets.com identicons.github.com collector.githubapp.com github-cloud.s3.amazonaws.com *.githubusercontent.com; manifest-src 'self'; media-src 'none'; script-src github.githubassets.com; style-src 'unsafe-inline' github.githubassets.com; worker-src github.com/socket-worker.js gist.github.com/socket-worker.js","x-github-request-id":"0CB1:3AFB:7F575:AC86F:5FC1180C"}
[debug] [2020-11-27T15:15:25.403Z] >>> HTTP REQUEST GET https://api.github.com/user  
 
[debug] [2020-11-27T15:15:26.192Z] <<< HTTP RESPONSE 200 {"date":"Fri, 27 Nov 2020 15:15:25 GMT","content-type":"application/json; charset=utf-8","content-length":"1441","server":"GitHub.com","status":"200 OK","cache-control":"private, max-age=60, s-maxage=60","vary":"Accept, Authorization, Cookie, X-GitHub-OTP, Accept-Encoding, Accept, X-Requested-With, Accept-Encoding","etag":"\"d12f06131606448adb19568a03bb3b9c3dfa796f4326b5684ec87f9b270200e1\"","last-modified":"Fri, 27 Nov 2020 14:29:37 GMT","x-oauth-scopes":"read:user, repo","x-accepted-oauth-scopes":"","x-oauth-client-id":"89cf50f02ac6aaed3484","x-github-media-type":"github.v3","x-ratelimit-limit":"5000","x-ratelimit-remaining":"4996","x-ratelimit-reset":"1606491791","x-ratelimit-used":"4","access-control-expose-headers":"ETag, Link, Location, Retry-After, X-GitHub-OTP, X-RateLimit-Limit, X-RateLimit-Remaining, X-RateLimit-Used, X-RateLimit-Reset, X-OAuth-Scopes, X-Accepted-OAuth-Scopes, X-Poll-Interval, X-GitHub-Media-Type, Deprecation, Sunset","access-control-allow-origin":"*","strict-transport-security":"max-age=31536000; includeSubdomains; preload","x-frame-options":"deny","x-content-type-options":"nosniff","x-xss-protection":"1; mode=block","referrer-policy":"origin-when-cross-origin, strict-origin-when-cross-origin","content-security-policy":"default-src 'none'","x-github-request-id":"0D67:018C:754554:907EA9:5FC1180C"}
[info] 
[info] +  Success! Logged into GitHub as Nureeham1394 
[info] 
[debug] [2020-11-27T15:15:40.731Z] >>> HTTP REQUEST GET https://api.github.com/repos/painaidi/actions/secrets/public-key?type=owner  
 
[debug] [2020-11-27T15:15:41.474Z] <<< HTTP RESPONSE 404 {"date":"Fri, 27 Nov 2020 15:15:40 GMT","content-type":"application/json; charset=utf-8","content-length":"74","server":"GitHub.com","status":"404 Not Found","x-oauth-scopes":"read:user, repo","x-accepted-oauth-scopes":"repo","x-oauth-client-id":"89cf50f02ac6aaed3484","x-github-media-type":"github.v3","x-ratelimit-limit":"5000","x-ratelimit-remaining":"4995","x-ratelimit-reset":"1606491791","x-ratelimit-used":"5","access-control-expose-headers":"ETag, Link, Location, Retry-After, X-GitHub-OTP, X-RateLimit-Limit, X-RateLimit-Remaining, X-RateLimit-Used, X-RateLimit-Reset, X-OAuth-Scopes, X-Accepted-OAuth-Scopes, X-Poll-Interval, X-GitHub-Media-Type, Deprecation, Sunset","access-control-allow-origin":"*","strict-transport-security":"max-age=31536000; includeSubdomains; preload","x-frame-options":"deny","x-content-type-options":"nosniff","x-xss-protection":"1; mode=block","referrer-policy":"origin-when-cross-origin, strict-origin-when-cross-origin","content-security-policy":"default-src 'none'","vary":"Accept-Encoding, Accept, X-Requested-With","x-github-request-id":"0D68:678F:16D1729:1C33A80:5FC1181C"}
[debug] [2020-11-27T15:15:41.474Z] <<< HTTP RESPONSE BODY Not Found {"message":"Not Found","documentation_url":"https://docs.github.com/rest"}
[debug] [2020-11-27T15:16:00.896Z] >>> HTTP REQUEST GET https://api.github.com/repos/Nureeham1394/actions/secrets/public-key?type=owner  
 
[debug] [2020-11-27T15:16:01.712Z] <<< HTTP RESPONSE 404 {"date":"Fri, 27 Nov 2020 15:16:00 GMT","content-type":"application/json; charset=utf-8","content-length":"74","server":"GitHub.com","status":"404 Not Found","x-oauth-scopes":"read:user, repo","x-accepted-oauth-scopes":"repo","x-oauth-client-id":"89cf50f02ac6aaed3484","x-github-media-type":"github.v3","x-ratelimit-limit":"5000","x-ratelimit-remaining":"4994","x-ratelimit-reset":"1606491791","x-ratelimit-used":"6","access-control-expose-headers":"ETag, Link, Location, Retry-After, X-GitHub-OTP, X-RateLimit-Limit, X-RateLimit-Remaining, X-RateLimit-Used, X-RateLimit-Reset, X-OAuth-Scopes, X-Accepted-OAuth-Scopes, X-Poll-Interval, X-GitHub-Media-Type, Deprecation, Sunset","access-control-allow-origin":"*","strict-transport-security":"max-age=31536000; includeSubdomains; preload","x-frame-options":"deny","x-content-type-options":"nosniff","x-xss-protection":"1; mode=block","referrer-policy":"origin-when-cross-origin, strict-origin-when-cross-origin","content-security-policy":"default-src 'none'","vary":"Accept-Encoding, Accept, X-Requested-With","x-github-request-id":"0D69:804F:30DC48:3C1D81:5FC11830"}
[debug] [2020-11-27T15:16:01.712Z] <<< HTTP RESPONSE BODY Not Found {"message":"Not Found","documentation_url":"https://docs.github.com/rest"}
[debug] [2020-11-27T15:16:56.683Z] >>> HTTP REQUEST GET https://api.github.com/repos/finaldjango1/actions/secrets/public-key?type=owner  
 
[debug] [2020-11-27T15:16:57.565Z] <<< HTTP RESPONSE 404 {"date":"Fri, 27 Nov 2020 15:16:56 GMT","content-type":"application/json; charset=utf-8","content-length":"74","server":"GitHub.com","status":"404 Not Found","x-oauth-scopes":"read:user, repo","x-accepted-oauth-scopes":"repo","x-oauth-client-id":"89cf50f02ac6aaed3484","x-github-media-type":"github.v3","x-ratelimit-limit":"5000","x-ratelimit-remaining":"4993","x-ratelimit-reset":"1606491791","x-ratelimit-used":"7","access-control-expose-headers":"ETag, Link, Location, Retry-After, X-GitHub-OTP, X-RateLimit-Limit, X-RateLimit-Remaining, X-RateLimit-Used, X-RateLimit-Reset, X-OAuth-Scopes, X-Accepted-OAuth-Scopes, X-Poll-Interval, X-GitHub-Media-Type, Deprecation, Sunset","access-control-allow-origin":"*","strict-transport-security":"max-age=31536000; includeSubdomains; preload","x-frame-options":"deny","x-content-type-options":"nosniff","x-xss-protection":"1; mode=block","referrer-policy":"origin-when-cross-origin, strict-origin-when-cross-origin","content-security-policy":"default-src 'none'","vary":"Accept-Encoding, Accept, X-Requested-With","x-github-request-id":"0D6A:678E:10622C6:1439E17:5FC11868"}
[debug] [2020-11-27T15:16:57.565Z] <<< HTTP RESPONSE BODY Not Found {"message":"Not Found","documentation_url":"https://docs.github.com/rest"}
